<?xml version="1.0" encoding="UTF-8"?>
<!-- Generated by org.testng.reporters.JUnitReportReporter -->
<testsuite hostname="MacBook-Pro.local" failures="0" tests="1" name="testCases.LoginTest" time="0.314" errors="0" timestamp="2025-05-17T13:37:21 IST" skipped="0">
  <testcase classname="testCases.LoginTest" name="login" time="0.314"/>
</testsuite> <!-- testCases.LoginTest -->
