<?xml version="1.0" encoding="UTF-8"?>
<!-- Generated by org.testng.reporters.JUnitReportReporter -->
<testsuite hostname="MacBook-Pro.local" failures="0" tests="1" name="testCases.TC_001_LoginNinjaTest" time="1.933" errors="0" timestamp="2025-05-18T22:46:12 IST" skipped="0">
  <testcase classname="testCases.TC_001_LoginNinjaTest" name="login" time="1.933"/>
</testsuite> <!-- testCases.TC_001_LoginNinjaTest -->
