<?xml version="1.0" encoding="UTF-8"?>
<!-- Generated by org.testng.reporters.JUnitReportReporter -->
<testsuite hostname="MacBook-Pro.local" failures="0" tests="1" name="testCases.TC_001_LoginNinjaTest" time="1.161" errors="0" timestamp="2025-05-19T22:48:09 IST" skipped="0">
  <testcase classname="testCases.TC_001_LoginNinjaTest" name="login" time="1.161"/>
</testsuite> <!-- testCases.TC_001_LoginNinjaTest -->
